[INFO ] 2023-05-31 19:44:35.121 [main] ContextLoaderListener - ***********************************************************************************
[INFO ] 2023-05-31 19:44:35.128 [main] ContextLoaderListener -   _____ _                   _              _          
[INFO ] 2023-05-31 19:44:35.129 [main] ContextLoaderListener -  / ____| |                 | |            (_)         
[INFO ] 2023-05-31 19:44:35.130 [main] ContextLoaderListener - | (___ | |_ _ __ _   _  ___| |_ _   _ _ __ _ _____ __ 
[INFO ] 2023-05-31 19:44:35.130 [main] ContextLoaderListener -  \___ \| __| '__| | | |/ __| __| | | | '__| |_  / '__|
[INFO ] 2023-05-31 19:44:35.130 [main] ContextLoaderListener -  ____) | |_| |  | |_| | (__| |_| |_| | |  | |/ /| |   
[INFO ] 2023-05-31 19:44:35.130 [main] ContextLoaderListener - |_____/ \__|_|   \__,_|\___|\__|\__,_|_|  |_/___|_|   
[INFO ] 2023-05-31 19:44:35.131 [main] ContextLoaderListener -                                                       
[INFO ] 2023-05-31 19:44:35.131 [main] ContextLoaderListener - Structurizr on-premises installation
[INFO ] 2023-05-31 19:44:35.134 [main] ContextLoaderListener -  - build: 3073 (2023-05-30T12:35:17Z
[INFO ] 2023-05-31 19:44:35.138 [main] ContextLoaderListener -  - structurizr-java: v1.24.1
[INFO ] 2023-05-31 19:44:35.166 [main] ContextLoaderListener -  - structurizr-dsl: v1.30.1
[INFO ] 2023-05-31 19:44:35.167 [main] ContextLoaderListener -  - structurizr-import: v1.4.1
[INFO ] 2023-05-31 19:44:35.184 [main] ContextLoaderListener - Data directory: /usr/local/structurizr (r: true; w: true; x: true)
[INFO ] 2023-05-31 19:44:35.190 [main] ContextLoaderListener - URL: 
[INFO ] 2023-05-31 19:44:35.197 [main] ContextLoaderListener - Memory: used=61MB; free=433MB; total=494MB; max=494MB
[INFO ] 2023-05-31 19:44:35.205 [main] ContextLoaderListener - 
[INFO ] 2023-05-31 19:44:35.206 [main] ContextLoaderListener - Authentication: file
[INFO ] 2023-05-31 19:44:35.206 [main] ContextLoaderListener - Session: local
[INFO ] 2023-05-31 19:44:35.207 [main] ContextLoaderListener - Data storage: file
[INFO ] 2023-05-31 19:44:35.207 [main] ContextLoaderListener - Search: lucene
[INFO ] 2023-05-31 19:44:35.208 [main] ContextLoaderListener - dot: true
[INFO ] 2023-05-31 19:44:35.208 [main] ContextLoaderListener - DSL editor: false
[INFO ] 2023-05-31 19:44:35.209 [main] ContextLoaderListener - Safe mode: true
[INFO ] 2023-05-31 19:44:35.209 [main] ContextLoaderListener - ***********************************************************************************
[INFO ] 2023-05-31 19:44:35.209 [main] ContextLoaderListener - MIT License
[INFO ] 2023-05-31 19:44:35.214 [main] ContextLoaderListener - 
[INFO ] 2023-05-31 19:44:35.214 [main] ContextLoaderListener - Copyright (c) 2023 Structurizr Limited
[INFO ] 2023-05-31 19:44:35.214 [main] ContextLoaderListener - 
[INFO ] 2023-05-31 19:44:35.214 [main] ContextLoaderListener - Permission is hereby granted, free of charge, to any person obtaining a copy
[INFO ] 2023-05-31 19:44:35.215 [main] ContextLoaderListener - of this software and associated documentation files (the "Software"), to deal
[INFO ] 2023-05-31 19:44:35.215 [main] ContextLoaderListener - in the Software without restriction, including without limitation the rights
[INFO ] 2023-05-31 19:44:35.216 [main] ContextLoaderListener - to use, copy, modify, merge, publish, distribute, sublicense, and/or sell
[INFO ] 2023-05-31 19:44:35.216 [main] ContextLoaderListener - copies of the Software, and to permit persons to whom the Software is
[INFO ] 2023-05-31 19:44:35.216 [main] ContextLoaderListener - furnished to do so, subject to the following conditions:
[INFO ] 2023-05-31 19:44:35.217 [main] ContextLoaderListener - 
[INFO ] 2023-05-31 19:44:35.217 [main] ContextLoaderListener - The above copyright notice and this permission notice shall be included in all
[INFO ] 2023-05-31 19:44:35.217 [main] ContextLoaderListener - copies or substantial portions of the Software.
[INFO ] 2023-05-31 19:44:35.218 [main] ContextLoaderListener - 
[INFO ] 2023-05-31 19:44:35.218 [main] ContextLoaderListener - THE SOFTWARE IS PROVIDED "AS IS", WITHOUT WARRANTY OF ANY KIND, EXPRESS OR
[INFO ] 2023-05-31 19:44:35.218 [main] ContextLoaderListener - IMPLIED, INCLUDING BUT NOT LIMITED TO THE WARRANTIES OF MERCHANTABILITY,
[INFO ] 2023-05-31 19:44:35.219 [main] ContextLoaderListener - FITNESS FOR A PARTICULAR PURPOSE AND NONINFRINGEMENT. IN NO EVENT SHALL THE
[INFO ] 2023-05-31 19:44:35.219 [main] ContextLoaderListener - AUTHORS OR COPYRIGHT HOLDERS BE LIABLE FOR ANY CLAIM, DAMAGES OR OTHER
[INFO ] 2023-05-31 19:44:35.219 [main] ContextLoaderListener - LIABILITY, WHETHER IN AN ACTION OF CONTRACT, TORT OR OTHERWISE, ARISING FROM,
[INFO ] 2023-05-31 19:44:35.219 [main] ContextLoaderListener - OUT OF OR IN CONNECTION WITH THE SOFTWARE OR THE USE OR OTHER DEALINGS IN THE
[INFO ] 2023-05-31 19:44:35.220 [main] ContextLoaderListener - SOFTWARE.
[INFO ] 2023-05-31 19:44:35.220 [main] ContextLoaderListener - ***********************************************************************************
[WARN ] 2023-05-31 19:49:06.048 [http-nio-8080-exec-10] PageNotFound - No mapping for GET /doc/xml/version.xml
[WARN ] 2023-05-31 21:00:17.683 [http-nio-8080-exec-6] PageNotFound - No mapping for GET /manager/html
[WARN ] 2023-06-01 08:58:53.003 [http-nio-8080-exec-10] PageNotFound - No mapping for GET /manager/html
[WARN ] 2023-06-01 13:14:48.766 [http-nio-8080-exec-5] PageNotFound - No mapping for GET /manager/html
[WARN ] 2023-06-01 17:00:58.043 [http-nio-8080-exec-10] PageNotFound - No mapping for GET /config/getuser
[WARN ] 2023-06-01 18:49:46.740 [http-nio-8080-exec-7] PageNotFound - No mapping for GET /manager/html
[WARN ] 2023-06-01 21:30:04.247 [http-nio-8080-exec-2] PageNotFound - No mapping for GET /admin/console/index.html
[WARN ] 2023-06-01 21:58:58.614 [http-nio-8080-exec-1] PageNotFound - No mapping for GET /manager/html
[WARN ] 2023-06-02 01:10:09.939 [http-nio-8080-exec-4] PageNotFound - No mapping for GET /manager/html
[WARN ] 2023-06-02 01:45:25.043 [http-nio-8080-exec-5] DefaultHandlerExceptionResolver - Resolved [org.springframework.web.HttpRequestMethodNotSupportedException: Request method 'POST' not supported]
[WARN ] 2023-06-02 01:45:25.046 [http-nio-8080-exec-5] DefaultHandlerExceptionResolver - Resolved [org.springframework.web.HttpRequestMethodNotSupportedException: Request method 'POST' not supported]
[WARN ] 2023-06-02 01:45:26.684 [http-nio-8080-exec-1] PageNotFound - No mapping for GET /3000D00E0000FFFF3F0031313744373731343634304537353046007A7A7A7A7A7A7A7A7A7A7A7A7A7A7A0000000000000000000000000000000000000000000000000000000000000000000000000000000000000000000001000008047A7A7A7A7A7A7A7A7A0000000000000000000000000000000000000000000000000000000000000000
[WARN ] 2023-06-02 03:57:16.609 [http-nio-8080-exec-7] PageNotFound - No mapping for GET /manager/html
[WARN ] 2023-06-02 04:55:02.995 [http-nio-8080-exec-2] PageNotFound - No mapping for GET /boaform/admin/formLogin
[WARN ] 2023-06-02 11:19:40.118 [http-nio-8080-exec-3] PageNotFound - No mapping for GET /manager/html
[WARN ] 2023-06-02 16:41:10.355 [http-nio-8080-exec-3] PageNotFound - No mapping for GET /manager/html
[WARN ] 2023-06-02 17:08:48.943 [http-nio-8080-exec-10] PageNotFound - No mapping for GET /manager/html
[WARN ] 2023-06-02 21:08:38.964 [http-nio-8080-exec-1] PageNotFound - No mapping for GET /manager/html
[WARN ] 2023-06-03 00:29:13.922 [http-nio-8080-exec-6] PageNotFound - No mapping for GET /manager/html
[WARN ] 2023-06-03 01:32:02.916 [http-nio-8080-exec-7] PageNotFound - No mapping for GET /manager/html
[WARN ] 2023-06-03 03:54:58.483 [http-nio-8080-exec-4] PageNotFound - No mapping for GET /securityRealm/user/admin/search/index
[WARN ] 2023-06-03 04:07:35.891 [http-nio-8080-exec-5] PageNotFound - No mapping for POST /vendor/phpunit/phpunit/src/Util/PHP/eval-stdin.php
[WARN ] 2023-06-03 04:07:35.902 [http-nio-8080-exec-5] DefaultHandlerExceptionResolver - Resolved [org.springframework.web.HttpRequestMethodNotSupportedException: Request method 'POST' not supported]
[WARN ] 2023-06-03 04:14:56.417 [http-nio-8080-exec-2] PageNotFound - No mapping for GET /vendor/phpunit/phpunit/src/Util/PHP/eval-stdin.php
[WARN ] 2023-06-03 04:33:55.100 [http-nio-8080-exec-7] DefaultHandlerExceptionResolver - Resolved [org.springframework.web.HttpRequestMethodNotSupportedException: Request method 'POST' not supported]
[WARN ] 2023-06-03 04:36:16.927 [http-nio-8080-exec-4] PageNotFound - No mapping for GET /console/
[WARN ] 2023-06-03 04:43:56.762 [http-nio-8080-exec-3] PageNotFound - No mapping for POST /Autodiscover/Autodiscover.xml
[WARN ] 2023-06-03 04:43:56.764 [http-nio-8080-exec-3] DefaultHandlerExceptionResolver - Resolved [org.springframework.web.HttpRequestMethodNotSupportedException: Request method 'POST' not supported]
[WARN ] 2023-06-03 04:47:29.074 [http-nio-8080-exec-10] PageNotFound - No mapping for GET /_ignition/execute-solution
[WARN ] 2023-06-03 05:21:15.381 [http-nio-8080-exec-8] PageNotFound - No mapping for GET /actuator/gateway/routes
[WARN ] 2023-06-03 05:24:06.535 [http-nio-8080-exec-7] PageNotFound - No mapping for GET /geoserver
[WARN ] 2023-06-03 08:52:07.695 [http-nio-8080-exec-4] PageNotFound - No mapping for GET /manager/html
[WARN ] 2023-06-03 09:13:30.301 [http-nio-8080-exec-3] PageNotFound - No mapping for GET /boaform/admin/formLogin
[WARN ] 2023-06-03 10:23:53.619 [http-nio-8080-exec-10] PageNotFound - No mapping for GET /hudson
[WARN ] 2023-06-03 12:39:51.982 [http-nio-8080-exec-8] PageNotFound - No mapping for GET /manager/html
[WARN ] 2023-06-03 13:05:42.503 [http-nio-8080-exec-4] PageNotFound - No mapping for GET /boaform/admin/formLogin
[WARN ] 2023-06-03 14:10:13.821 [http-nio-8080-exec-5] PageNotFound - No mapping for GET /ip
[WARN ] 2023-06-03 16:33:00.569 [http-nio-8080-exec-8] PageNotFound - No mapping for GET /manager/html
[WARN ] 2023-06-03 17:11:27.091 [http-nio-8080-exec-5] PageNotFound - No mapping for GET /actuator/health
[WARN ] 2023-06-03 20:28:14.169 [http-nio-8080-exec-7] PageNotFound - No mapping for GET /manager/html
[WARN ] 2023-06-03 21:00:23.735 [http-nio-8080-exec-3] PageNotFound - No mapping for GET /boaform/admin/formLogin
[WARN ] 2023-06-04 02:56:44.032 [http-nio-8080-exec-9] PageNotFound - No mapping for GET /manager/html
[WARN ] 2023-06-04 05:49:51.031 [http-nio-8080-exec-3] PageNotFound - No mapping for GET /manager/html
[WARN ] 2023-06-04 12:07:19.734 [http-nio-8080-exec-7] PageNotFound - No mapping for GET /manager/html
[WARN ] 2023-06-04 19:33:12.939 [http-nio-8080-exec-7] PageNotFound - No mapping for POST /tmUnblock.cgi
[WARN ] 2023-06-04 19:33:12.942 [http-nio-8080-exec-7] DefaultHandlerExceptionResolver - Resolved [org.springframework.web.HttpRequestMethodNotSupportedException: Request method 'POST' not supported]
[WARN ] 2023-06-04 20:12:38.562 [http-nio-8080-exec-5] PageNotFound - No mapping for GET /manager/html
[WARN ] 2023-06-04 21:11:05.401 [http-nio-8080-exec-1] PageNotFound - No mapping for GET /manager/html
[WARN ] 2023-06-04 21:30:40.548 [http-nio-8080-exec-4] PageNotFound - No mapping for GET /login
[WARN ] 2023-06-04 21:31:09.133 [http-nio-8080-exec-2] PageNotFound - No mapping for GET /admin/
[WARN ] 2023-06-04 21:31:09.996 [http-nio-8080-exec-7] PageNotFound - No mapping for GET /webfig/
[WARN ] 2023-06-04 22:12:26.592 [http-nio-8080-exec-6] PageNotFound - No mapping for GET /manager/html
[WARN ] 2023-06-05 00:18:09.138 [http-nio-8080-exec-7] PageNotFound - No mapping for GET /aaa9
[WARN ] 2023-06-05 00:18:20.734 [http-nio-8080-exec-3] PageNotFound - No mapping for GET /aab8
[WARN ] 2023-06-05 00:35:10.308 [http-nio-8080-exec-6] PageNotFound - No mapping for GET /manager/html
[WARN ] 2023-06-05 03:00:59.794 [http-nio-8080-exec-3] PageNotFound - No mapping for GET /manager/html
[WARN ] 2023-06-05 05:35:15.615 [http-nio-8080-exec-5] PageNotFound - No mapping for GET /manager/html
[WARN ] 2023-06-05 06:18:17.105 [http-nio-8080-exec-2] PageNotFound - No mapping for GET /.git/config
[WARN ] 2023-06-05 06:18:17.444 [http-nio-8080-exec-6] PageNotFound - No mapping for GET /server-status
[WARN ] 2023-06-05 06:18:17.797 [http-nio-8080-exec-9] PageNotFound - No mapping for GET /config.json
[WARN ] 2023-06-05 06:18:18.145 [http-nio-8080-exec-1] PageNotFound - No mapping for GET /.env
[WARN ] 2023-06-05 06:18:18.490 [http-nio-8080-exec-8] PageNotFound - No mapping for GET /telescope/requests
[WARN ] 2023-06-05 06:18:18.850 [http-nio-8080-exec-7] PageNotFound - No mapping for GET /info.php
[WARN ] 2023-06-05 06:45:05.888 [http-nio-8080-exec-4] PageNotFound - No mapping for GET /boaform/admin/formLogin
[WARN ] 2023-06-05 06:50:41.600 [http-nio-8080-exec-3] PageNotFound - No mapping for GET /manager/html
[WARN ] 2023-06-05 07:51:26.668 [http-nio-8080-exec-9] PageNotFound - No mapping for GET /manager/html
[WARN ] 2023-06-05 09:07:35.892 [http-nio-8080-exec-4] PageNotFound - No mapping for GET /manager/html
[WARN ] 2023-06-05 10:06:23.756 [http-nio-8080-exec-3] PageNotFound - No mapping for GET /manager/html
[WARN ] 2023-06-05 13:41:35.991 [http-nio-8080-exec-10] PageNotFound - No mapping for GET /manager/html
[WARN ] 2023-06-05 18:59:05.626 [http-nio-8080-exec-9] PageNotFound - No mapping for GET /manager/html
[WARN ] 2023-06-05 21:44:37.431 [http-nio-8080-exec-7] PageNotFound - No mapping for GET /config/getuser
[WARN ] 2023-06-05 23:03:13.272 [http-nio-8080-exec-6] PageNotFound - No mapping for GET /manager/html
[WARN ] 2023-06-06 02:23:03.316 [http-nio-8080-exec-4] PageNotFound - No mapping for GET /manager/html
[WARN ] 2023-06-06 05:03:30.707 [http-nio-8080-exec-5] PageNotFound - No mapping for GET /manager/html
[WARN ] 2023-06-06 08:14:59.163 [http-nio-8080-exec-5] PageNotFound - No mapping for GET /manager/html
[WARN ] 2023-06-06 10:25:42.131 [http-nio-8080-exec-8] PageNotFound - No mapping for GET /hudson
[WARN ] 2023-06-06 11:02:49.176 [http-nio-8080-exec-4] PageNotFound - No mapping for GET /config/getuser
[WARN ] 2023-06-06 14:15:06.927 [http-nio-8080-exec-2] PageNotFound - No mapping for POST /GponForm/diag_Form
[WARN ] 2023-06-06 14:15:06.936 [http-nio-8080-exec-2] DefaultHandlerExceptionResolver - Resolved [org.springframework.web.HttpRequestMethodNotSupportedException: Request method 'POST' not supported]
[WARN ] 2023-06-06 15:40:05.201 [http-nio-8080-exec-1] PageNotFound - No mapping for GET /echo.php
[WARN ] 2023-06-06 21:10:42.876 [http-nio-8080-exec-7] PageNotFound - No mapping for GET /actuator/health
[WARN ] 2023-06-06 23:33:16.612 [http-nio-8080-exec-8] PageNotFound - No mapping for GET /phpMyAdmin/scripts/setup.php
[WARN ] 2023-06-06 23:50:37.966 [http-nio-8080-exec-7] PageNotFound - No mapping for GET /manager/text/list
[WARN ] 2023-06-07 00:06:08.839 [http-nio-8080-exec-10] PageNotFound - No mapping for GET /.env
[WARN ] 2023-06-07 00:06:09.168 [http-nio-8080-exec-5] PageNotFound - No mapping for GET /conf/.env
[WARN ] 2023-06-07 00:06:09.498 [http-nio-8080-exec-9] PageNotFound - No mapping for GET /wp-content/.env
[WARN ] 2023-06-07 00:06:09.828 [http-nio-8080-exec-8] PageNotFound - No mapping for GET /wp-admin/.env
[WARN ] 2023-06-07 00:06:10.169 [http-nio-8080-exec-4] PageNotFound - No mapping for GET /library/.env
[WARN ] 2023-06-07 00:06:10.498 [http-nio-8080-exec-10] PageNotFound - No mapping for GET /new/.env
[WARN ] 2023-06-07 00:06:10.831 [http-nio-8080-exec-5] PageNotFound - No mapping for GET /vendor/.env
[WARN ] 2023-06-07 00:06:11.160 [http-nio-8080-exec-9] PageNotFound - No mapping for GET /old/.env
[WARN ] 2023-06-07 00:06:11.490 [http-nio-8080-exec-8] PageNotFound - No mapping for GET /local/.env
[WARN ] 2023-06-07 00:06:11.810 [http-nio-8080-exec-4] PageNotFound - No mapping for GET /api/.env
[WARN ] 2023-06-07 00:06:12.148 [http-nio-8080-exec-10] PageNotFound - No mapping for GET /blog/.env
[WARN ] 2023-06-07 00:06:12.475 [http-nio-8080-exec-5] PageNotFound - No mapping for GET /crm/.env
[WARN ] 2023-06-07 00:06:12.802 [http-nio-8080-exec-9] PageNotFound - No mapping for GET /admin/.env
[WARN ] 2023-06-07 00:06:13.133 [http-nio-8080-exec-8] PageNotFound - No mapping for GET /laravel/.env
[WARN ] 2023-06-07 00:06:13.455 [http-nio-8080-exec-4] PageNotFound - No mapping for GET /app/.env
[WARN ] 2023-06-07 00:06:13.782 [http-nio-8080-exec-10] PageNotFound - No mapping for GET /app/config/.env
[WARN ] 2023-06-07 00:06:14.109 [http-nio-8080-exec-5] PageNotFound - No mapping for GET /apps/.env
[WARN ] 2023-06-07 00:06:14.436 [http-nio-8080-exec-9] PageNotFound - No mapping for GET /audio/.env
[WARN ] 2023-06-07 00:06:14.781 [http-nio-8080-exec-8] PageNotFound - No mapping for GET /cgi-bin/.env
[WARN ] 2023-06-07 00:06:15.110 [http-nio-8080-exec-4] PageNotFound - No mapping for GET /backend/.env
[WARN ] 2023-06-07 00:06:15.448 [http-nio-8080-exec-10] PageNotFound - No mapping for GET /src/.env
[WARN ] 2023-06-07 00:06:15.771 [http-nio-8080-exec-5] PageNotFound - No mapping for GET /base/.env
[WARN ] 2023-06-07 00:06:16.104 [http-nio-8080-exec-9] PageNotFound - No mapping for GET /core/.env
[WARN ] 2023-06-07 00:06:16.441 [http-nio-8080-exec-8] PageNotFound - No mapping for GET /vendor/laravel/.env
[WARN ] 2023-06-07 00:06:16.781 [http-nio-8080-exec-4] PageNotFound - No mapping for GET /storage/.env
[WARN ] 2023-06-07 00:06:17.109 [http-nio-8080-exec-10] PageNotFound - No mapping for GET /protected/.env
[WARN ] 2023-06-07 00:06:17.433 [http-nio-8080-exec-5] PageNotFound - No mapping for GET /newsite/.env
[WARN ] 2023-06-07 00:06:17.757 [http-nio-8080-exec-9] PageNotFound - No mapping for GET /www/.env
[WARN ] 2023-06-07 00:06:18.085 [http-nio-8080-exec-8] PageNotFound - No mapping for GET /sites/all/libraries/mailchimp/.env
[WARN ] 2023-06-07 00:06:18.407 [http-nio-8080-exec-4] PageNotFound - No mapping for GET /database/.env
[WARN ] 2023-06-07 00:06:18.742 [http-nio-8080-exec-10] PageNotFound - No mapping for GET /public/.env
[WARN ] 2023-06-07 00:06:19.072 [http-nio-8080-exec-5] PageNotFound - No mapping for GET /44.239.172.205:8080/.env
[WARN ] 2023-06-07 00:06:19.416 [http-nio-8080-exec-9] DefaultHandlerExceptionResolver - Resolved [org.springframework.web.HttpRequestMethodNotSupportedException: Request method 'POST' not supported]
[WARN ] 2023-06-07 00:06:19.417 [http-nio-8080-exec-9] DefaultHandlerExceptionResolver - Resolved [org.springframework.web.HttpRequestMethodNotSupportedException: Request method 'POST' not supported]
[WARN ] 2023-06-07 00:06:19.748 [http-nio-8080-exec-8] PageNotFound - No mapping for GET /vendor/phpunit/phpunit/src/Util/PHP/eval-stdin.php
[WARN ] 2023-06-07 02:00:46.657 [http-nio-8080-exec-3] PageNotFound - No mapping for GET /manager/html
[WARN ] 2023-06-07 08:24:18.410 [http-nio-8080-exec-3] PageNotFound - No mapping for GET /manager/html
[WARN ] 2023-06-07 10:50:34.139 [http-nio-8080-exec-1] PageNotFound - No mapping for GET /aaa9
[WARN ] 2023-06-07 10:50:50.762 [http-nio-8080-exec-7] PageNotFound - No mapping for GET /aab8
[WARN ] 2023-06-07 12:18:26.006 [http-nio-8080-exec-6] DefaultHandlerExceptionResolver - Resolved [org.springframework.web.HttpRequestMethodNotSupportedException: Request method 'POST' not supported]
[WARN ] 2023-06-07 12:18:26.008 [http-nio-8080-exec-6] DefaultHandlerExceptionResolver - Resolved [org.springframework.web.HttpRequestMethodNotSupportedException: Request method 'POST' not supported]
[WARN ] 2023-06-07 13:28:54.738 [http-nio-8080-exec-8] PageNotFound - No mapping for POST /boaform/admin/formLogin
[WARN ] 2023-06-07 13:28:54.740 [http-nio-8080-exec-8] DefaultHandlerExceptionResolver - Resolved [org.springframework.web.HttpRequestMethodNotSupportedException: Request method 'POST' not supported]
[WARN ] 2023-06-07 18:40:13.715 [http-nio-8080-exec-6] PageNotFound - No mapping for GET /download/po
[WARN ] 2023-06-07 19:36:09.037 [http-nio-8080-exec-8] PageNotFound - No mapping for GET /download/po
[WARN ] 2023-06-07 20:20:28.571 [http-nio-8080-exec-2] PageNotFound - No mapping for GET /c/
[WARN ] 2023-06-08 09:04:01.475 [http-nio-8080-exec-5] PageNotFound - No mapping for GET /l1Nq
[WARN ] 2023-06-08 09:04:01.536 [http-nio-8080-exec-6] PageNotFound - No mapping for GET /Ko9j
[WARN ] 2023-06-08 09:04:01.593 [http-nio-8080-exec-9] PageNotFound - No mapping for GET /aab8
[WARN ] 2023-06-08 09:04:01.649 [http-nio-8080-exec-1] PageNotFound - No mapping for GET /jquery-3.3.1.slim.min.js
[WARN ] 2023-06-08 09:04:01.710 [http-nio-8080-exec-8] PageNotFound - No mapping for GET /aab9
[WARN ] 2023-06-08 09:04:01.770 [http-nio-8080-exec-7] PageNotFound - No mapping for GET /jquery-3.3.2.slim.min.js
[WARN ] 2023-06-08 21:19:10.531 [http-nio-8080-exec-2] PageNotFound - No mapping for GET /robots.txt
[WARN ] 2023-06-08 21:19:11.966 [http-nio-8080-exec-5] PageNotFound - No mapping for GET /sitemap.xml
[WARN ] 2023-06-09 04:48:16.365 [http-nio-8080-exec-1] PageNotFound - No mapping for GET /.env
[WARN ] 2023-06-09 04:48:17.140 [http-nio-8080-exec-7] PageNotFound - No mapping for GET /conf/.env
[WARN ] 2023-06-09 04:48:17.642 [http-nio-8080-exec-3] PageNotFound - No mapping for GET /wp-content/.env
[WARN ] 2023-06-09 04:48:18.255 [http-nio-8080-exec-2] PageNotFound - No mapping for GET /wp-admin/.env
[WARN ] 2023-06-09 04:48:18.870 [http-nio-8080-exec-6] PageNotFound - No mapping for GET /library/.env
[WARN ] 2023-06-09 04:48:19.533 [http-nio-8080-exec-1] PageNotFound - No mapping for GET /new/.env
[WARN ] 2023-06-09 04:48:20.302 [http-nio-8080-exec-7] PageNotFound - No mapping for GET /vendor/.env
[WARN ] 2023-06-09 04:48:20.814 [http-nio-8080-exec-3] PageNotFound - No mapping for GET /old/.env
[WARN ] 2023-06-09 04:48:21.694 [http-nio-8080-exec-2] PageNotFound - No mapping for GET /local/.env
[WARN ] 2023-06-09 04:48:22.222 [http-nio-8080-exec-6] PageNotFound - No mapping for GET /api/.env
[WARN ] 2023-06-09 04:48:22.927 [http-nio-8080-exec-1] PageNotFound - No mapping for GET /blog/.env
[WARN ] 2023-06-09 04:48:23.440 [http-nio-8080-exec-7] PageNotFound - No mapping for GET /crm/.env
[WARN ] 2023-06-09 04:48:23.951 [http-nio-8080-exec-3] PageNotFound - No mapping for GET /admin/.env
[WARN ] 2023-06-09 04:48:24.698 [http-nio-8080-exec-2] PageNotFound - No mapping for GET /laravel/.env
[WARN ] 2023-06-09 04:48:25.364 [http-nio-8080-exec-6] PageNotFound - No mapping for GET /app/.env
[WARN ] 2023-06-09 04:48:25.865 [http-nio-8080-exec-1] PageNotFound - No mapping for GET /app/config/.env
[WARN ] 2023-06-09 04:48:26.826 [http-nio-8080-exec-7] PageNotFound - No mapping for GET /apps/.env
[WARN ] 2023-06-09 04:48:27.757 [http-nio-8080-exec-3] PageNotFound - No mapping for GET /audio/.env
[WARN ] 2023-06-09 04:48:28.443 [http-nio-8080-exec-2] PageNotFound - No mapping for GET /cgi-bin/.env
[WARN ] 2023-06-09 04:48:29.094 [http-nio-8080-exec-6] PageNotFound - No mapping for GET /backend/.env
[WARN ] 2023-06-09 04:48:29.890 [http-nio-8080-exec-1] PageNotFound - No mapping for GET /src/.env
[WARN ] 2023-06-09 04:48:30.837 [http-nio-8080-exec-7] PageNotFound - No mapping for GET /base/.env
[WARN ] 2023-06-09 04:48:31.653 [http-nio-8080-exec-3] PageNotFound - No mapping for GET /core/.env
[WARN ] 2023-06-09 04:48:32.220 [http-nio-8080-exec-2] PageNotFound - No mapping for GET /vendor/laravel/.env
[WARN ] 2023-06-09 04:48:32.907 [http-nio-8080-exec-6] PageNotFound - No mapping for GET /storage/.env
[WARN ] 2023-06-09 04:48:33.603 [http-nio-8080-exec-1] PageNotFound - No mapping for GET /protected/.env
[WARN ] 2023-06-09 04:48:34.522 [http-nio-8080-exec-7] PageNotFound - No mapping for GET /newsite/.env
[WARN ] 2023-06-09 04:48:35.246 [http-nio-8080-exec-3] PageNotFound - No mapping for GET /www/.env
[WARN ] 2023-06-09 04:48:35.826 [http-nio-8080-exec-2] PageNotFound - No mapping for GET /sites/all/libraries/mailchimp/.env
[WARN ] 2023-06-09 04:48:36.511 [http-nio-8080-exec-6] PageNotFound - No mapping for GET /database/.env
[WARN ] 2023-06-09 04:48:37.167 [http-nio-8080-exec-1] PageNotFound - No mapping for GET /public/.env
[WARN ] 2023-06-09 04:48:37.654 [http-nio-8080-exec-7] PageNotFound - No mapping for GET /44.239.172.205:8080/.env
[WARN ] 2023-06-09 04:48:38.631 [http-nio-8080-exec-3] DefaultHandlerExceptionResolver - Resolved [org.springframework.web.HttpRequestMethodNotSupportedException: Request method 'POST' not supported]
[WARN ] 2023-06-09 04:48:38.631 [http-nio-8080-exec-3] DefaultHandlerExceptionResolver - Resolved [org.springframework.web.HttpRequestMethodNotSupportedException: Request method 'POST' not supported]
[WARN ] 2023-06-09 04:48:39.356 [http-nio-8080-exec-2] PageNotFound - No mapping for GET /vendor/phpunit/phpunit/src/Util/PHP/eval-stdin.php
[WARN ] 2023-06-09 10:27:09.428 [http-nio-8080-exec-3] PageNotFound - No mapping for GET /hudson
[WARN ] 2023-06-09 12:30:55.826 [http-nio-8080-exec-6] PageNotFound - No mapping for GET /jbossmq-httpil/HTTPServerILServlet
[WARN ] 2023-06-09 16:15:38.458 [http-nio-8080-exec-4] PageNotFound - No mapping for GET /c/
[INFO ] 2023-06-09 16:20:18.382 [http-nio-8080-exec-2] AuthenticationSuccessHandler - kcolvin successfully authenticated
[WARN ] 2023-06-09 16:40:15.345 [http-nio-8080-exec-8] PageNotFound - No mapping for GET /script
[WARN ] 2023-06-09 21:09:57.176 [http-nio-8080-exec-7] PageNotFound - No mapping for GET /actuator/health
[WARN ] 2023-06-11 15:08:36.970 [http-nio-8080-exec-2] PageNotFound - No mapping for GET /sitemap.xml
[WARN ] 2023-06-11 15:08:36.982 [http-nio-8080-exec-3] PageNotFound - No mapping for GET /robots.txt
[WARN ] 2023-06-11 15:08:37.989 [http-nio-8080-exec-7] PageNotFound - No mapping for GET /struts/webconsole.html
[WARN ] 2023-06-11 15:08:38.732 [http-nio-8080-exec-10] PageNotFound - No mapping for GET /invoker/readonly
[WARN ] 2023-06-12 10:07:41.819 [http-nio-8080-exec-6] PageNotFound - No mapping for GET /aaa9
[WARN ] 2023-06-12 10:07:55.557 [http-nio-8080-exec-3] PageNotFound - No mapping for GET /aab8
[WARN ] 2023-06-12 10:27:08.689 [http-nio-8080-exec-5] PageNotFound - No mapping for GET /hudson
[WARN ] 2023-06-12 11:37:53.121 [http-nio-8080-exec-6] PageNotFound - No mapping for GET /aN7jD0qO6kT5bK5bQ4eR8fE1xP7hL2vK/mozglue.dll
[WARN ] 2023-06-12 13:30:43.975 [http-nio-8080-exec-4] PageNotFound - No mapping for GET /.git/config
[WARN ] 2023-06-12 13:30:50.324 [http-nio-8080-exec-3] PageNotFound - No mapping for GET /.DS_Store
[WARN ] 2023-06-12 13:30:50.459 [http-nio-8080-exec-7] PageNotFound - No mapping for GET /.env
[WARN ] 2023-06-12 13:30:50.591 [http-nio-8080-exec-10] PageNotFound - No mapping for POST /.env
[WARN ] 2023-06-12 13:30:50.591 [http-nio-8080-exec-10] DefaultHandlerExceptionResolver - Resolved [org.springframework.web.HttpRequestMethodNotSupportedException: Request method 'POST' not supported]
[WARN ] 2023-06-12 13:30:50.719 [http-nio-8080-exec-4] PageNotFound - No mapping for GET /.env.save
[WARN ] 2023-06-12 13:30:50.847 [http-nio-8080-exec-6] PageNotFound - No mapping for POST /.env.save
[WARN ] 2023-06-12 13:30:50.849 [http-nio-8080-exec-6] DefaultHandlerExceptionResolver - Resolved [org.springframework.web.HttpRequestMethodNotSupportedException: Request method 'POST' not supported]
[WARN ] 2023-06-12 13:30:50.983 [http-nio-8080-exec-3] PageNotFound - No mapping for GET /.env.old
[WARN ] 2023-06-12 13:30:51.117 [http-nio-8080-exec-7] PageNotFound - No mapping for POST /.env.old
[WARN ] 2023-06-12 13:30:51.117 [http-nio-8080-exec-7] DefaultHandlerExceptionResolver - Resolved [org.springframework.web.HttpRequestMethodNotSupportedException: Request method 'POST' not supported]
[WARN ] 2023-06-12 13:30:51.244 [http-nio-8080-exec-10] PageNotFound - No mapping for GET /.env.prod
[WARN ] 2023-06-12 13:30:51.384 [http-nio-8080-exec-4] PageNotFound - No mapping for POST /.env.prod
[WARN ] 2023-06-12 13:30:51.385 [http-nio-8080-exec-4] DefaultHandlerExceptionResolver - Resolved [org.springframework.web.HttpRequestMethodNotSupportedException: Request method 'POST' not supported]
[WARN ] 2023-06-12 13:30:51.518 [http-nio-8080-exec-6] PageNotFound - No mapping for GET /.env.production
[WARN ] 2023-06-12 13:30:51.650 [http-nio-8080-exec-3] PageNotFound - No mapping for POST /.env.production
[WARN ] 2023-06-12 13:30:51.651 [http-nio-8080-exec-3] DefaultHandlerExceptionResolver - Resolved [org.springframework.web.HttpRequestMethodNotSupportedException: Request method 'POST' not supported]
[WARN ] 2023-06-12 13:30:51.778 [http-nio-8080-exec-7] PageNotFound - No mapping for GET /.env.development
[WARN ] 2023-06-12 13:30:51.913 [http-nio-8080-exec-10] PageNotFound - No mapping for POST /.env.development
[WARN ] 2023-06-12 13:30:51.914 [http-nio-8080-exec-10] DefaultHandlerExceptionResolver - Resolved [org.springframework.web.HttpRequestMethodNotSupportedException: Request method 'POST' not supported]
[WARN ] 2023-06-12 13:30:52.046 [http-nio-8080-exec-4] PageNotFound - No mapping for GET /laravel/.env
[WARN ] 2023-06-12 13:30:52.185 [http-nio-8080-exec-6] PageNotFound - No mapping for POST /laravel/.env
[WARN ] 2023-06-12 13:30:52.187 [http-nio-8080-exec-6] DefaultHandlerExceptionResolver - Resolved [org.springframework.web.HttpRequestMethodNotSupportedException: Request method 'POST' not supported]
[WARN ] 2023-06-12 13:30:52.319 [http-nio-8080-exec-3] PageNotFound - No mapping for GET /admin-app/.env
[WARN ] 2023-06-12 13:30:52.465 [http-nio-8080-exec-7] PageNotFound - No mapping for POST /admin-app/.env
[WARN ] 2023-06-12 13:30:52.466 [http-nio-8080-exec-7] DefaultHandlerExceptionResolver - Resolved [org.springframework.web.HttpRequestMethodNotSupportedException: Request method 'POST' not supported]
[WARN ] 2023-06-12 13:30:52.626 [http-nio-8080-exec-10] PageNotFound - No mapping for GET /api/.env
[WARN ] 2023-06-12 13:30:52.752 [http-nio-8080-exec-4] PageNotFound - No mapping for POST /api/.env
[WARN ] 2023-06-12 13:30:52.752 [http-nio-8080-exec-4] DefaultHandlerExceptionResolver - Resolved [org.springframework.web.HttpRequestMethodNotSupportedException: Request method 'POST' not supported]
[WARN ] 2023-06-12 13:30:52.876 [http-nio-8080-exec-6] PageNotFound - No mapping for GET /app/.env
[WARN ] 2023-06-12 13:30:53.020 [http-nio-8080-exec-3] PageNotFound - No mapping for POST /app/.env
[WARN ] 2023-06-12 13:30:53.021 [http-nio-8080-exec-3] DefaultHandlerExceptionResolver - Resolved [org.springframework.web.HttpRequestMethodNotSupportedException: Request method 'POST' not supported]
[WARN ] 2023-06-12 13:30:53.150 [http-nio-8080-exec-7] PageNotFound - No mapping for GET /development/.env
[WARN ] 2023-06-12 13:30:53.284 [http-nio-8080-exec-10] PageNotFound - No mapping for POST /development/.env
[WARN ] 2023-06-12 13:30:53.285 [http-nio-8080-exec-10] DefaultHandlerExceptionResolver - Resolved [org.springframework.web.HttpRequestMethodNotSupportedException: Request method 'POST' not supported]
[WARN ] 2023-06-12 13:30:53.433 [http-nio-8080-exec-4] PageNotFound - No mapping for GET /apps/.env
[WARN ] 2023-06-12 13:30:53.566 [http-nio-8080-exec-6] PageNotFound - No mapping for POST /apps/.env
[WARN ] 2023-06-12 13:30:53.567 [http-nio-8080-exec-6] DefaultHandlerExceptionResolver - Resolved [org.springframework.web.HttpRequestMethodNotSupportedException: Request method 'POST' not supported]
[WARN ] 2023-06-12 13:30:53.736 [http-nio-8080-exec-3] PageNotFound - No mapping for GET /cp/.env
[WARN ] 2023-06-12 13:30:53.879 [http-nio-8080-exec-7] PageNotFound - No mapping for POST /cp/.env
[WARN ] 2023-06-12 13:30:53.880 [http-nio-8080-exec-7] DefaultHandlerExceptionResolver - Resolved [org.springframework.web.HttpRequestMethodNotSupportedException: Request method 'POST' not supported]
[WARN ] 2023-06-12 13:30:54.013 [http-nio-8080-exec-10] PageNotFound - No mapping for GET /private/.env
[WARN ] 2023-06-12 13:30:54.151 [http-nio-8080-exec-4] PageNotFound - No mapping for POST /private/.env
[WARN ] 2023-06-12 13:30:54.151 [http-nio-8080-exec-4] DefaultHandlerExceptionResolver - Resolved [org.springframework.web.HttpRequestMethodNotSupportedException: Request method 'POST' not supported]
[WARN ] 2023-06-12 13:30:54.283 [http-nio-8080-exec-6] PageNotFound - No mapping for GET /system/.env
[WARN ] 2023-06-12 13:30:54.431 [http-nio-8080-exec-3] PageNotFound - No mapping for POST /system/.env
[WARN ] 2023-06-12 13:30:54.432 [http-nio-8080-exec-3] DefaultHandlerExceptionResolver - Resolved [org.springframework.web.HttpRequestMethodNotSupportedException: Request method 'POST' not supported]
[WARN ] 2023-06-12 13:30:54.578 [http-nio-8080-exec-7] PageNotFound - No mapping for GET /docker/.env
[WARN ] 2023-06-12 13:30:54.726 [http-nio-8080-exec-10] PageNotFound - No mapping for POST /docker/.env
[WARN ] 2023-06-12 13:30:54.726 [http-nio-8080-exec-10] DefaultHandlerExceptionResolver - Resolved [org.springframework.web.HttpRequestMethodNotSupportedException: Request method 'POST' not supported]
[WARN ] 2023-06-12 13:30:54.856 [http-nio-8080-exec-4] PageNotFound - No mapping for GET /cms/.env
[WARN ] 2023-06-12 13:30:55.012 [http-nio-8080-exec-6] PageNotFound - No mapping for POST /cms/.env
[WARN ] 2023-06-12 13:30:55.013 [http-nio-8080-exec-6] DefaultHandlerExceptionResolver - Resolved [org.springframework.web.HttpRequestMethodNotSupportedException: Request method 'POST' not supported]
[WARN ] 2023-06-12 13:30:55.144 [http-nio-8080-exec-3] PageNotFound - No mapping for GET /script/.env
[WARN ] 2023-06-12 13:30:55.276 [http-nio-8080-exec-7] PageNotFound - No mapping for POST /script/.env
[WARN ] 2023-06-12 13:30:55.277 [http-nio-8080-exec-7] DefaultHandlerExceptionResolver - Resolved [org.springframework.web.HttpRequestMethodNotSupportedException: Request method 'POST' not supported]
[WARN ] 2023-06-12 13:30:55.412 [http-nio-8080-exec-10] PageNotFound - No mapping for GET /live_env
[WARN ] 2023-06-12 13:30:55.558 [http-nio-8080-exec-4] PageNotFound - No mapping for POST /live_env
[WARN ] 2023-06-12 13:30:55.559 [http-nio-8080-exec-4] DefaultHandlerExceptionResolver - Resolved [org.springframework.web.HttpRequestMethodNotSupportedException: Request method 'POST' not supported]
[WARN ] 2023-06-12 13:30:55.702 [http-nio-8080-exec-6] PageNotFound - No mapping for GET /application/.env
[WARN ] 2023-06-12 13:30:55.848 [http-nio-8080-exec-3] PageNotFound - No mapping for POST /application/.env
[WARN ] 2023-06-12 13:30:55.849 [http-nio-8080-exec-3] DefaultHandlerExceptionResolver - Resolved [org.springframework.web.HttpRequestMethodNotSupportedException: Request method 'POST' not supported]
[WARN ] 2023-06-12 13:30:55.989 [http-nio-8080-exec-7] PageNotFound - No mapping for GET /.env.project
[WARN ] 2023-06-12 13:30:56.133 [http-nio-8080-exec-10] PageNotFound - No mapping for POST /.env.project
[WARN ] 2023-06-12 13:30:56.134 [http-nio-8080-exec-10] DefaultHandlerExceptionResolver - Resolved [org.springframework.web.HttpRequestMethodNotSupportedException: Request method 'POST' not supported]
[WARN ] 2023-06-12 13:30:56.282 [http-nio-8080-exec-4] PageNotFound - No mapping for GET /.env.dist
[WARN ] 2023-06-12 13:30:56.417 [http-nio-8080-exec-6] PageNotFound - No mapping for POST /.env.dist
[WARN ] 2023-06-12 13:30:56.418 [http-nio-8080-exec-6] DefaultHandlerExceptionResolver - Resolved [org.springframework.web.HttpRequestMethodNotSupportedException: Request method 'POST' not supported]
[WARN ] 2023-06-12 13:30:56.563 [http-nio-8080-exec-3] PageNotFound - No mapping for GET /back/.env
[WARN ] 2023-06-12 13:30:56.695 [http-nio-8080-exec-7] PageNotFound - No mapping for POST /back/.env
[WARN ] 2023-06-12 13:30:56.695 [http-nio-8080-exec-7] DefaultHandlerExceptionResolver - Resolved [org.springframework.web.HttpRequestMethodNotSupportedException: Request method 'POST' not supported]
[WARN ] 2023-06-12 13:30:56.821 [http-nio-8080-exec-10] PageNotFound - No mapping for GET /core/.env
[WARN ] 2023-06-12 13:30:56.961 [http-nio-8080-exec-4] PageNotFound - No mapping for GET /docker/.env
[WARN ] 2023-06-12 13:30:57.093 [http-nio-8080-exec-6] PageNotFound - No mapping for POST /docker/.env
[WARN ] 2023-06-12 13:30:57.094 [http-nio-8080-exec-6] DefaultHandlerExceptionResolver - Resolved [org.springframework.web.HttpRequestMethodNotSupportedException: Request method 'POST' not supported]
[WARN ] 2023-06-12 13:30:57.227 [http-nio-8080-exec-3] PageNotFound - No mapping for GET /fedex/.env
[WARN ] 2023-06-12 13:30:57.369 [http-nio-8080-exec-7] PageNotFound - No mapping for POST /fedex/.env
[WARN ] 2023-06-12 13:30:57.371 [http-nio-8080-exec-7] DefaultHandlerExceptionResolver - Resolved [org.springframework.web.HttpRequestMethodNotSupportedException: Request method 'POST' not supported]
[WARN ] 2023-06-12 13:30:57.530 [http-nio-8080-exec-10] PageNotFound - No mapping for GET /local/.env
[WARN ] 2023-06-12 13:30:57.660 [http-nio-8080-exec-4] PageNotFound - No mapping for POST /local/.env
[WARN ] 2023-06-12 13:30:57.661 [http-nio-8080-exec-4] DefaultHandlerExceptionResolver - Resolved [org.springframework.web.HttpRequestMethodNotSupportedException: Request method 'POST' not supported]
[WARN ] 2023-06-12 13:30:57.783 [http-nio-8080-exec-6] PageNotFound - No mapping for GET /rest/.env
[WARN ] 2023-06-12 13:30:57.910 [http-nio-8080-exec-3] PageNotFound - No mapping for POST /rest/.env
[WARN ] 2023-06-12 13:30:57.911 [http-nio-8080-exec-3] DefaultHandlerExceptionResolver - Resolved [org.springframework.web.HttpRequestMethodNotSupportedException: Request method 'POST' not supported]
[WARN ] 2023-06-12 13:30:58.050 [http-nio-8080-exec-7] PageNotFound - No mapping for GET /shared/.env
[WARN ] 2023-06-12 13:30:58.193 [http-nio-8080-exec-10] PageNotFound - No mapping for POST /shared/.env
[WARN ] 2023-06-12 13:30:58.194 [http-nio-8080-exec-10] DefaultHandlerExceptionResolver - Resolved [org.springframework.web.HttpRequestMethodNotSupportedException: Request method 'POST' not supported]
[WARN ] 2023-06-12 13:30:58.330 [http-nio-8080-exec-4] PageNotFound - No mapping for GET /sources/.env
[WARN ] 2023-06-12 13:30:58.464 [http-nio-8080-exec-6] PageNotFound - No mapping for POST /sources/.env
[WARN ] 2023-06-12 13:30:58.465 [http-nio-8080-exec-6] DefaultHandlerExceptionResolver - Resolved [org.springframework.web.HttpRequestMethodNotSupportedException: Request method 'POST' not supported]
[WARN ] 2023-06-12 13:30:58.602 [http-nio-8080-exec-3] PageNotFound - No mapping for GET /enviroments/.env.production
[WARN ] 2023-06-12 13:30:58.735 [http-nio-8080-exec-7] PageNotFound - No mapping for POST /enviroments/.env.production
[WARN ] 2023-06-12 13:30:58.735 [http-nio-8080-exec-7] DefaultHandlerExceptionResolver - Resolved [org.springframework.web.HttpRequestMethodNotSupportedException: Request method 'POST' not supported]
[WARN ] 2023-06-12 13:30:58.895 [http-nio-8080-exec-10] PageNotFound - No mapping for GET /enviroments/.env
[WARN ] 2023-06-12 13:30:59.033 [http-nio-8080-exec-4] PageNotFound - No mapping for POST /enviroments/.env
[WARN ] 2023-06-12 13:30:59.033 [http-nio-8080-exec-4] DefaultHandlerExceptionResolver - Resolved [org.springframework.web.HttpRequestMethodNotSupportedException: Request method 'POST' not supported]
[WARN ] 2023-06-12 13:30:59.373 [http-nio-8080-exec-3] DefaultHandlerExceptionResolver - Resolved [org.springframework.web.HttpRequestMethodNotSupportedException: Request method 'POST' not supported]
[WARN ] 2023-06-12 13:30:59.374 [http-nio-8080-exec-3] DefaultHandlerExceptionResolver - Resolved [org.springframework.web.HttpRequestMethodNotSupportedException: Request method 'POST' not supported]
[WARN ] 2023-06-12 13:30:59.504 [http-nio-8080-exec-7] PageNotFound - No mapping for GET /frontend_dev.php/$
[WARN ] 2023-06-12 13:30:59.658 [http-nio-8080-exec-10] PageNotFound - No mapping for GET /debug/default/view
[WARN ] 2023-06-12 13:30:59.801 [http-nio-8080-exec-4] PageNotFound - No mapping for GET /debug/default/view
[WARN ] 2023-06-12 13:30:59.931 [http-nio-8080-exec-6] PageNotFound - No mapping for GET /debug/default/view.html
[WARN ] 2023-06-12 13:31:00.079 [http-nio-8080-exec-3] PageNotFound - No mapping for GET /debug/default/view
[WARN ] 2023-06-12 13:31:00.214 [http-nio-8080-exec-7] PageNotFound - No mapping for GET /frontend/web/debug/default/view
[WARN ] 2023-06-12 13:31:00.366 [http-nio-8080-exec-10] PageNotFound - No mapping for GET /web/debug/default/view
[WARN ] 2023-06-12 13:31:00.507 [http-nio-8080-exec-4] PageNotFound - No mapping for GET /sapi/debug/default/view
[WARN ] 2023-06-12 13:31:00.659 [http-nio-8080-exec-6] PageNotFound - No mapping for GET /config.json
[WARN ] 2023-06-12 13:31:00.788 [http-nio-8080-exec-3] PageNotFound - No mapping for GET /AwsConfig.json
[WARN ] 2023-06-12 13:31:00.947 [http-nio-8080-exec-7] PageNotFound - No mapping for GET /awsconfig.json
[WARN ] 2023-06-12 13:31:01.095 [http-nio-8080-exec-10] PageNotFound - No mapping for GET /aws.json
[WARN ] 2023-06-12 13:31:01.257 [http-nio-8080-exec-4] PageNotFound - No mapping for GET /conf.json
[WARN ] 2023-06-12 13:31:01.407 [http-nio-8080-exec-6] PageNotFound - No mapping for GET /env.json
[WARN ] 2023-06-12 13:31:01.568 [http-nio-8080-exec-3] PageNotFound - No mapping for GET /.vscode/sftp.json
[WARN ] 2023-06-12 13:31:01.698 [http-nio-8080-exec-7] PageNotFound - No mapping for GET /.json
[WARN ] 2023-06-12 13:31:01.842 [http-nio-8080-exec-10] PageNotFound - No mapping for GET /smtp.json
[WARN ] 2023-06-12 13:31:01.978 [http-nio-8080-exec-4] PageNotFound - No mapping for GET /db.json
[WARN ] 2023-06-12 13:31:02.109 [http-nio-8080-exec-6] PageNotFound - No mapping for GET /sendgrid.json
[WARN ] 2023-06-12 13:31:02.280 [http-nio-8080-exec-3] PageNotFound - No mapping for GET /_profiler/phpinfo
[WARN ] 2023-06-12 13:31:02.418 [http-nio-8080-exec-7] PageNotFound - No mapping for GET /phpinfo.php
[WARN ] 2023-06-12 13:31:02.590 [http-nio-8080-exec-10] PageNotFound - No mapping for GET /info.php
[WARN ] 2023-06-12 13:31:02.952 [http-nio-8080-exec-6] PageNotFound - No mapping for GET /tool/view/phpinfo.view.php
[WARN ] 2023-06-12 13:31:03.085 [http-nio-8080-exec-3] PageNotFound - No mapping for GET /phpinfo
[WARN ] 2023-06-12 13:31:03.220 [http-nio-8080-exec-7] PageNotFound - No mapping for GET /symfony/public/_profiler/phpinfo
[WARN ] 2023-06-12 13:31:03.379 [http-nio-8080-exec-10] PageNotFound - No mapping for GET /html/phpinfo.php
[WARN ] 2023-06-12 13:31:03.722 [http-nio-8080-exec-6] PageNotFound - No mapping for GET /__info.php
[WARN ] 2023-06-12 13:31:03.861 [http-nio-8080-exec-3] PageNotFound - No mapping for GET /_info-backoffice.php
[WARN ] 2023-06-12 13:31:03.991 [http-nio-8080-exec-7] PageNotFound - No mapping for GET /_info.php
[WARN ] 2023-06-12 13:31:04.151 [http-nio-8080-exec-10] PageNotFound - No mapping for GET /_phpinf.php
[WARN ] 2023-06-12 13:31:04.288 [http-nio-8080-exec-4] PageNotFound - No mapping for GET /_phpinfo.php
[WARN ] 2023-06-12 13:31:04.438 [http-nio-8080-exec-6] PageNotFound - No mapping for GET /_poopinfo.php
[WARN ] 2023-06-12 13:31:04.598 [http-nio-8080-exec-3] PageNotFound - No mapping for GET /.__info.php
[WARN ] 2023-06-12 13:31:04.750 [http-nio-8080-exec-7] PageNotFound - No mapping for GET /.info.php
[WARN ] 2023-06-12 13:31:04.883 [http-nio-8080-exec-10] PageNotFound - No mapping for GET /0.0_phpinfo.php
[WARN ] 2023-06-12 13:31:05.014 [http-nio-8080-exec-4] PageNotFound - No mapping for GET /00_server_info.php
[WARN ] 2023-06-12 13:31:05.176 [http-nio-8080-exec-6] PageNotFound - No mapping for GET /02-info.php
[WARN ] 2023-06-12 13:31:05.315 [http-nio-8080-exec-3] PageNotFound - No mapping for GET /1_1_PhpInfo.php
[WARN ] 2023-06-12 13:31:05.454 [http-nio-8080-exec-7] PageNotFound - No mapping for GET /5info.php
[WARN ] 2023-06-12 13:31:05.813 [http-nio-8080-exec-4] PageNotFound - No mapping for GET /api/index.php/v1/config/application
[ERROR] 2023-06-12 16:22:49.176 [http-nio-8080-exec-5] AbstractWorkspaceController - com.structurizr.onpremises.component.workspace.WorkspaceComponentException: Could not get workspace 5
[INFO ] 2023-06-12 18:13:10.940 [main] ContextLoaderListener - ***********************************************************************************
[INFO ] 2023-06-12 18:13:10.952 [main] ContextLoaderListener -   _____ _                   _              _          
[INFO ] 2023-06-12 18:13:10.952 [main] ContextLoaderListener -  / ____| |                 | |            (_)         
[INFO ] 2023-06-12 18:13:10.952 [main] ContextLoaderListener - | (___ | |_ _ __ _   _  ___| |_ _   _ _ __ _ _____ __ 
[INFO ] 2023-06-12 18:13:10.952 [main] ContextLoaderListener -  \___ \| __| '__| | | |/ __| __| | | | '__| |_  / '__|
[INFO ] 2023-06-12 18:13:10.952 [main] ContextLoaderListener -  ____) | |_| |  | |_| | (__| |_| |_| | |  | |/ /| |   
[INFO ] 2023-06-12 18:13:10.953 [main] ContextLoaderListener - |_____/ \__|_|   \__,_|\___|\__|\__,_|_|  |_/___|_|   
[INFO ] 2023-06-12 18:13:10.953 [main] ContextLoaderListener -                                                       
[INFO ] 2023-06-12 18:13:10.953 [main] ContextLoaderListener - Structurizr on-premises installation
[INFO ] 2023-06-12 18:13:10.959 [main] ContextLoaderListener -  - build: 3073 (2023-05-30T12:35:17Z
[INFO ] 2023-06-12 18:13:10.963 [main] ContextLoaderListener -  - structurizr-java: v1.24.1
[INFO ] 2023-06-12 18:13:10.996 [main] ContextLoaderListener -  - structurizr-dsl: v1.30.1
[INFO ] 2023-06-12 18:13:10.998 [main] ContextLoaderListener -  - structurizr-import: v1.4.1
[INFO ] 2023-06-12 18:13:11.015 [main] ContextLoaderListener - Data directory: /usr/local/structurizr (r: true; w: true; x: true)
[INFO ] 2023-06-12 18:13:11.016 [main] ContextLoaderListener - URL: 
[INFO ] 2023-06-12 18:13:11.031 [main] ContextLoaderListener - Memory: used=65MB; free=429MB; total=494MB; max=494MB
[INFO ] 2023-06-12 18:13:11.033 [main] ContextLoaderListener - 
[INFO ] 2023-06-12 18:13:11.034 [main] ContextLoaderListener - Authentication: file
[INFO ] 2023-06-12 18:13:11.034 [main] ContextLoaderListener - Session: local
[INFO ] 2023-06-12 18:13:11.038 [main] ContextLoaderListener - Data storage: file
[INFO ] 2023-06-12 18:13:11.039 [main] ContextLoaderListener - Search: lucene
[INFO ] 2023-06-12 18:13:11.039 [main] ContextLoaderListener - dot: true
[INFO ] 2023-06-12 18:13:11.040 [main] ContextLoaderListener - DSL editor: false
[INFO ] 2023-06-12 18:13:11.040 [main] ContextLoaderListener - Safe mode: true
[INFO ] 2023-06-12 18:13:11.040 [main] ContextLoaderListener - ***********************************************************************************
[INFO ] 2023-06-12 18:13:11.041 [main] ContextLoaderListener - MIT License
[INFO ] 2023-06-12 18:13:11.042 [main] ContextLoaderListener - 
[INFO ] 2023-06-12 18:13:11.042 [main] ContextLoaderListener - Copyright (c) 2023 Structurizr Limited
[INFO ] 2023-06-12 18:13:11.042 [main] ContextLoaderListener - 
[INFO ] 2023-06-12 18:13:11.043 [main] ContextLoaderListener - Permission is hereby granted, free of charge, to any person obtaining a copy
[INFO ] 2023-06-12 18:13:11.043 [main] ContextLoaderListener - of this software and associated documentation files (the "Software"), to deal
[INFO ] 2023-06-12 18:13:11.043 [main] ContextLoaderListener - in the Software without restriction, including without limitation the rights
[INFO ] 2023-06-12 18:13:11.044 [main] ContextLoaderListener - to use, copy, modify, merge, publish, distribute, sublicense, and/or sell
[INFO ] 2023-06-12 18:13:11.044 [main] ContextLoaderListener - copies of the Software, and to permit persons to whom the Software is
[INFO ] 2023-06-12 18:13:11.044 [main] ContextLoaderListener - furnished to do so, subject to the following conditions:
[INFO ] 2023-06-12 18:13:11.045 [main] ContextLoaderListener - 
[INFO ] 2023-06-12 18:13:11.045 [main] ContextLoaderListener - The above copyright notice and this permission notice shall be included in all
[INFO ] 2023-06-12 18:13:11.046 [main] ContextLoaderListener - copies or substantial portions of the Software.
[INFO ] 2023-06-12 18:13:11.046 [main] ContextLoaderListener - 
[INFO ] 2023-06-12 18:13:11.050 [main] ContextLoaderListener - THE SOFTWARE IS PROVIDED "AS IS", WITHOUT WARRANTY OF ANY KIND, EXPRESS OR
[INFO ] 2023-06-12 18:13:11.050 [main] ContextLoaderListener - IMPLIED, INCLUDING BUT NOT LIMITED TO THE WARRANTIES OF MERCHANTABILITY,
[INFO ] 2023-06-12 18:13:11.051 [main] ContextLoaderListener - FITNESS FOR A PARTICULAR PURPOSE AND NONINFRINGEMENT. IN NO EVENT SHALL THE
[INFO ] 2023-06-12 18:13:11.051 [main] ContextLoaderListener - AUTHORS OR COPYRIGHT HOLDERS BE LIABLE FOR ANY CLAIM, DAMAGES OR OTHER
[INFO ] 2023-06-12 18:13:11.051 [main] ContextLoaderListener - LIABILITY, WHETHER IN AN ACTION OF CONTRACT, TORT OR OTHERWISE, ARISING FROM,
[INFO ] 2023-06-12 18:13:11.052 [main] ContextLoaderListener - OUT OF OR IN CONNECTION WITH THE SOFTWARE OR THE USE OR OTHER DEALINGS IN THE
[INFO ] 2023-06-12 18:13:11.052 [main] ContextLoaderListener - SOFTWARE.
[INFO ] 2023-06-12 18:13:11.052 [main] ContextLoaderListener - ***********************************************************************************
[INFO ] 2023-06-12 18:19:21.350 [http-nio-8080-exec-4] AuthenticationSuccessHandler - kcolvin successfully authenticated
[WARN ] 2023-06-12 21:10:49.790 [http-nio-8080-exec-1] PageNotFound - No mapping for GET /actuator/health
[WARN ] 2023-06-13 01:52:13.839 [http-nio-8080-exec-1] PageNotFound - No mapping for GET /Telerik.Web.UI.WebResource.axd
[WARN ] 2023-06-13 14:21:51.626 [http-nio-8080-exec-7] PageNotFound - No mapping for GET /c/
[WARN ] 2023-06-13 16:11:46.665 [http-nio-8080-exec-9] PageNotFound - No mapping for GET /aaaaaaaaaaaaaaaaaaaaaaaaaqr
[WARN ] 2023-06-13 16:11:46.667 [http-nio-8080-exec-10] PageNotFound - No mapping for GET /99vt
[WARN ] 2023-06-13 16:11:46.824 [http-nio-8080-exec-6] PageNotFound - No mapping for GET /99vu
